Build started 10/3/2010 6:43:00 PM.
Project "C:\Documents and Settings\Administrator\My Documents\Visual Studio 2010\Projects\Sample Communications\Sample Communications\Sample Communications.vcxproj" on node 2 (build target(s)).
InitializeBuildStatus:
  Creating "Debug\Dumb Terminal.unsuccessfulbuild" because "AlwaysCreate" was specified.
ClCompile:
  C:\Program Files\Microsoft Visual Studio 10.0\VC\bin\CL.exe /c /ZI /nologo /W3 /WX- /Od /Oy- /D WIN32 /D _DEBUG /D _WINDOWS /D _UNICODE /D UNICODE /Gm /EHsc /RTC1 /MDd /GS /fp:precise /Zc:wchar_t /Zc:forScope /Fo"Debug\\" /Fd"Debug\vc100.pdb" /Gd /TP /analyze- /errorReport:prompt Buffer.cpp Receive.cpp Transmit.cpp WndProc.cpp
  WndProc.cpp
  Receive.cpp
  Buffer.cpp
  Generating Code...
  Compiling...
  Transmit.cpp
  Generating Code...
ResourceCompile:
  All outputs are up-to-date.
ManifestResourceCompile:
  All outputs are up-to-date.
Link:
  C:\Program Files\Microsoft Visual Studio 10.0\VC\bin\link.exe /ERRORREPORT:PROMPT /OUT:"C:\Documents and Settings\Administrator\My Documents\Visual Studio 2010\Projects\Sample Communications\Debug\Dumb Terminal.exe" /INCREMENTAL /NOLOGO kernel32.lib user32.lib gdi32.lib winspool.lib comdlg32.lib advapi32.lib shell32.lib ole32.lib oleaut32.lib uuid.lib odbc32.lib odbccp32.lib /MANIFEST /ManifestFile:"Debug\Dumb Terminal.exe.intermediate.manifest" /MANIFESTUAC:"level='asInvoker' uiAccess='false'" /DEBUG /PDB:"C:\Documents and Settings\Administrator\My Documents\Visual Studio 2010\Projects\Sample Communications\Debug\Dumb Terminal.pdb" /SUBSYSTEM:WINDOWS /TLBID:1 /DYNAMICBASE /NXCOMPAT /IMPLIB:"C:\Documents and Settings\Administrator\My Documents\Visual Studio 2010\Projects\Sample Communications\Debug\Dumb Terminal.lib" /MACHINE:X86 Debug\MainMenu.res
  "Debug\Dumb Terminal.exe.embed.manifest.res"
  Debug\ManageConnection.obj
  Debug\Main.obj
  Debug\MenuItems.obj
  Debug\Receive.obj
  Debug\Transmit.obj
  Debug\Buffer.obj
  Debug\WndProc.obj
Manifest:
  C:\Program Files\Microsoft SDKs\Windows\v7.0A\bin\mt.exe /nologo /verbose /out:"Debug\Dumb Terminal.exe.embed.manifest" /manifest "Debug\Dumb Terminal.exe.intermediate.manifest"
  All outputs are up-to-date.
LinkEmbedManifest:
  All outputs are up-to-date.
  Sample Communications.vcxproj -> C:\Documents and Settings\Administrator\My Documents\Visual Studio 2010\Projects\Sample Communications\Debug\Dumb Terminal.exe
FinalizeBuildStatus:
  Deleting file "Debug\Dumb Terminal.unsuccessfulbuild".
  Touching "Debug\Dumb Terminal.lastbuildstate".
Done Building Project "C:\Documents and Settings\Administrator\My Documents\Visual Studio 2010\Projects\Sample Communications\Sample Communications\Sample Communications.vcxproj" (build target(s)).

Build succeeded.

Time Elapsed 00:00:04.62
